{"numFailedTestSuites":0,"numFailedTests":0,"numPassedTestSuites":2,"numPassedTests":25,"numPendingTestSuites":0,"numPendingTests":0,"numRuntimeErrorTestSuites":0,"numTodoTests":0,"numTotalTestSuites":2,"numTotalTests":25,"openHandles":[],"snapshot":{"added":0,"didUpdate":false,"failure":false,"filesAdded":0,"filesRemoved":0,"filesRemovedList":[],"filesUnmatched":0,"filesUpdated":0,"matched":0,"total":0,"unchecked":0,"uncheckedKeysByFile":[],"unmatched":0,"updated":0},"startTime":1781187870558,"success":true,"testResults":[{"assertionResults":[{"ancestorTitles":["1. Autenticación"],"duration":229,"failureDetails":[],"failureMessages":[],"fullName":"1. Autenticación Registro crea usuario con contraseña hasheada","invocations":1,"location":null,"numPassingAsserts":7,"retryReasons":[],"status":"passed","title":"Registro crea usuario con contraseña hasheada"},{"ancestorTitles":["1. Autenticación"],"duration":102,"failureDetails":[],"failureMessages":[],"fullName":"1. Autenticación Login correcto devuelve 200 y token","invocations":1,"location":null,"numPassingAsserts":7,"retryReasons":[],"status":"passed","title":"Login correcto devuelve 200 y token"},{"ancestorTitles":["1. Autenticación"],"duration":5,"failureDetails":[],"failureMessages":[],"fullName":"1. Autenticación Login sin campos requeridos devuelve 400","invocations":1,"location":null,"numPassingAsserts":2,"retryReasons":[],"status":"passed","title":"Login sin campos requeridos devuelve 400"},{"ancestorTitles":["1. Autenticación"],"duration":100,"failureDetails":[],"failureMessages":[],"fullName":"1. Autenticación Login con contraseña incorrecta devuelve 401","invocations":1,"location":null,"numPassingAsserts":2,"retryReasons":[],"status":"passed","title":"Login con contraseña incorrecta devuelve 401"},{"ancestorTitles":["1. Autenticación"],"duration":6,"failureDetails":[],"failureMessages":[],"fullName":"1. Autenticación Login con email inexistente devuelve 401","invocations":1,"location":null,"numPassingAsserts":1,"retryReasons":[],"status":"passed","title":"Login con email inexistente devuelve 401"},{"ancestorTitles":["2. Listado de turnos"],"duration":7,"failureDetails":[],"failureMessages":[],"fullName":"2. Listado de turnos Lista todos los turnos sin filtros (admin)","invocations":1,"location":null,"numPassingAsserts":3,"retryReasons":[],"status":"passed","title":"Lista todos los turnos sin filtros (admin)"},{"ancestorTitles":["2. Listado de turnos"],"duration":10,"failureDetails":[],"failureMessages":[],"fullName":"2. Listado de turnos Lista turnos filtrados por estado=confirmado","invocations":1,"location":null,"numPassingAsserts":4,"retryReasons":[],"status":"passed","title":"Lista turnos filtrados por estado=confirmado"},{"ancestorTitles":["3. Detalle de turno"],"duration":8,"failureDetails":[],"failureMessages":[],"fullName":"3. Detalle de turno Turno existente (id=1) devuelve 200","invocations":1,"location":null,"numPassingAsserts":4,"retryReasons":[],"status":"passed","title":"Turno existente (id=1) devuelve 200"},{"ancestorTitles":["3. Detalle de turno"],"duration":31,"failureDetails":[],"failureMessages":[],"fullName":"3. Detalle de turno Turno inexistente devuelve 404","invocations":1,"location":null,"numPassingAsserts":2,"retryReasons":[],"status":"passed","title":"Turno inexistente devuelve 404"},{"ancestorTitles":["4. Creación de turno válido"],"duration":46,"failureDetails":[],"failureMessages":[],"fullName":"4. Creación de turno válido Estudiante crea turno válido → 201","invocations":1,"location":null,"numPassingAsserts":8,"retryReasons":[],"status":"passed","title":"Estudiante crea turno válido → 201"},{"ancestorTitles":["5. Creación inválida por horario inconsistente"],"duration":21,"failureDetails":[],"failureMessages":[],"fullName":"5. Creación inválida por horario inconsistente horaInicio >= horaFin devuelve 400","invocations":1,"location":null,"numPassingAsserts":2,"retryReasons":[],"status":"passed","title":"horaInicio >= horaFin devuelve 400"},{"ancestorTitles":["5. Creación inválida por horario inconsistente"],"duration":8,"failureDetails":[],"failureMessages":[],"fullName":"5. Creación inválida por horario inconsistente horaInicio = horaFin devuelve 400","invocations":1,"location":null,"numPassingAsserts":1,"retryReasons":[],"status":"passed","title":"horaInicio = horaFin devuelve 400"},{"ancestorTitles":["6. Creación inválida por superposición"],"duration":9,"failureDetails":[],"failureMessages":[],"fullName":"6. Creación inválida por superposición Turno superpuesto con Marina el 2026-06-10 → 400","invocations":1,"location":null,"numPassingAsserts":2,"retryReasons":[],"status":"passed","title":"Turno superpuesto con Marina el 2026-06-10 → 400"},{"ancestorTitles":["7. Acceso sin token"],"duration":6,"failureDetails":[],"failureMessages":[],"fullName":"7. Acceso sin token GET /api/turnos sin token → 401","invocations":1,"location":null,"numPassingAsserts":2,"retryReasons":[],"status":"passed","title":"GET /api/turnos sin token → 401"},{"ancestorTitles":["7. Acceso sin token"],"duration":6,"failureDetails":[],"failureMessages":[],"fullName":"7. Acceso sin token POST /api/turnos sin token → 401","invocations":1,"location":null,"numPassingAsserts":1,"retryReasons":[],"status":"passed","title":"POST /api/turnos sin token → 401"},{"ancestorTitles":["7. Acceso sin token"],"duration":7,"failureDetails":[],"failureMessages":[],"fullName":"7. Acceso sin token GET /api/tutores sin token → 401","invocations":1,"location":null,"numPassingAsserts":2,"retryReasons":[],"status":"passed","title":"GET /api/tutores sin token → 401"},{"ancestorTitles":["8. Acceso con rol insuficiente"],"duration":4,"failureDetails":[],"failureMessages":[],"fullName":"8. Acceso con rol insuficiente Estudiante intenta confirmar turno → 403","invocations":1,"location":null,"numPassingAsserts":2,"retryReasons":[],"status":"passed","title":"Estudiante intenta confirmar turno → 403"},{"ancestorTitles":["9. Edición inválida — tutor ocupado"],"duration":10,"failureDetails":[],"failureMessages":[],"fullName":"9. Edición inválida — tutor ocupado Reasignar turno1 a Carlos con franja superpuesta → 400","invocations":1,"location":null,"numPassingAsserts":2,"retryReasons":[],"status":"passed","title":"Reasignar turno1 a Carlos con franja superpuesta → 400"},{"ancestorTitles":["9. Edición inválida — tutor ocupado"],"duration":21,"failureDetails":[],"failureMessages":[],"fullName":"9. Edición inválida — tutor ocupado Reasignar turno1 a otro tutor genera acción de reasignación cuando la edición es válida","invocations":1,"location":null,"numPassingAsserts":6,"retryReasons":[],"status":"passed","title":"Reasignar turno1 a otro tutor genera acción de reasignación cuando la edición es válida"},{"ancestorTitles":["10. Día no disponible para el tutor"],"duration":14,"failureDetails":[],"failureMessages":[],"fullName":"10. Día no disponible para el tutor Marina no atiende martes (2026-06-09) → 400","invocations":1,"location":null,"numPassingAsserts":2,"retryReasons":[],"status":"passed","title":"Marina no atiende martes (2026-06-09) → 400"},{"ancestorTitles":["11. Resumen admin protegido"],"duration":9,"failureDetails":[],"failureMessages":[],"fullName":"11. Resumen admin protegido Estudiante no puede acceder al resumen → 403","invocations":1,"location":null,"numPassingAsserts":2,"retryReasons":[],"status":"passed","title":"Estudiante no puede acceder al resumen → 403"},{"ancestorTitles":["11. Resumen admin protegido"],"duration":12,"failureDetails":[],"failureMessages":[],"fullName":"11. Resumen admin protegido Admin accede al resumen con totalTurnos","invocations":1,"location":null,"numPassingAsserts":5,"retryReasons":[],"status":"passed","title":"Admin accede al resumen con totalTurnos"}],"endTime":1781187874671,"message":"","name":"C:\\Users\\pilii\\Desktop\\Facultad\\parcial2\\tp2Parcial\\tutorias-app\\backend\\tests\\turnos.test.js","startTime":1781187870642,"status":"passed","summary":""},{"assertionResults":[{"ancestorTitles":["Usuarios API - admin JWT"],"duration":33,"failureDetails":[],"failureMessages":[],"fullName":"Usuarios API - admin JWT Admin puede listar usuarios con JWT válido","invocations":1,"location":null,"numPassingAsserts":4,"retryReasons":[],"status":"passed","title":"Admin puede listar usuarios con JWT válido"},{"ancestorTitles":["Usuarios API - admin JWT"],"duration":251,"failureDetails":[],"failureMessages":[],"fullName":"Usuarios API - admin JWT Admin puede crear un tutor nuevo","invocations":1,"location":null,"numPassingAsserts":3,"retryReasons":[],"status":"passed","title":"Admin puede crear un tutor nuevo"},{"ancestorTitles":["Usuarios API - admin JWT"],"duration":32,"failureDetails":[],"failureMessages":[],"fullName":"Usuarios API - admin JWT Admin puede actualizar el estado activo de un usuario","invocations":1,"location":null,"numPassingAsserts":2,"retryReasons":[],"status":"passed","title":"Admin puede actualizar el estado activo de un usuario"}],"endTime":1781187878313,"message":"","name":"C:\\Users\\pilii\\Desktop\\Facultad\\parcial2\\tp2Parcial\\tutorias-app\\backend\\tests\\usuarios.test.js","startTime":1781187874985,"status":"passed","summary":""}],"wasInterrupted":false}
